<html>
<head>
<title>TestNG:  /Users/techproed/IdeaProjects/B103TestNGProject/src/test/java/techproed/tests/smoketests</title>
<link href="../testng.css" rel="stylesheet" type="text/css" />
<link href="../my-testng.css" rel="stylesheet" type="text/css" />

<style type="text/css">
.log { display: none;} 
.stack-trace { display: none;} 
</style>
<script type="text/javascript">
<!--
function flip(e) {
  current = e.style.display;
  if (current == 'block') {
    e.style.display = 'none';
    return 0;
  }
  else {
    e.style.display = 'block';
    return 1;
  }
}

function toggleBox(szDivId, elem, msg1, msg2)
{
  var res = -1;  if (document.getElementById) {
    res = flip(document.getElementById(szDivId));
  }
  else if (document.all) {
    // this is the way old msie versions work
    res = flip(document.all[szDivId]);
  }
  if(elem) {
    if(res == 0) elem.innerHTML = msg1; else elem.innerHTML = msg2;
  }

}

function toggleAllBoxes() {
  if (document.getElementsByTagName) {
    d = document.getElementsByTagName('div');
    for (i = 0; i < d.length; i++) {
      if (d[i].className == 'log') {
        flip(d[i]);
      }
    }
  }
}

// -->
</script>

</head>
<body>
<h2 align='center'>/Users/techproed/IdeaProjects/B103TestNGProject/src/test/java/techproed/tests/smoketests</h2><table border='1' align="center">
<tr>
<td>Tests passed/Failed/Skipped:</td><td>34/2/0</td>
</tr><tr>
<td>Started on:</td><td>Sun Feb 19 00:35:26 EET 2023</td>
</tr>
<tr><td>Total time:</td><td>169 seconds (169658 ms)</td>
</tr><tr>
<td>Included groups:</td><td></td>
</tr><tr>
<td>Excluded groups:</td><td></td>
</tr>
</table><p/>
<small><i>(Hover the method name to see the test class name)</i></small><p/>
<table width='100%' border='1' class='invocation-failed'>
<tr><td colspan='4' align='center'><b>FAILED TESTS</b></td></tr>
<tr><td><b>Test method</b></td>
<td><b>Attribute(s)</b></td>
<td width="30%"><b>Exception</b></td>
<td width="10%"><b>Time (seconds)</b></td>
<td><b>Instance</b></td>
</tr>
<tr>
<td title='techproed.tests.dataprovider.Day24_DataProviderTest1.googleAramasi()'><b>googleAramasi</b><br>Test class: techproed.tests.dataprovider.Day24_DataProviderTest1<br>Parameters: honda</td>
<td><div><pre>org.openqa.selenium.WebDriverException: unknown error: failed to change window state to &apos;normal&apos;, current state is &apos;maximized&apos;
  (Session info: chrome=110.0.5481.104)
Build info: version: &apos;4.7.2&apos;, revision: &apos;4d4020c3b7&apos;
System info: os.name: &apos;Windows 10&apos;, os.arch: &apos;amd64&apos;, os.version: &apos;10.0&apos;, java.version: &apos;11.0.17&apos;
Driver info: org.openqa.selenium.chrome.ChromeDriver
Command: [e0e1cf8584f7fdfa49384adee5e8463b, maximizeCurrentWindow {}]
Capabilities {acceptInsecureCerts: false, browserName: chrome, browserVersion: 110.0.5481.104, chrome: {chromedriverVersion: 110.0.5481.77 (65ed616c6e8e..., userDataDir: C:\Users\asus\AppData\Local...}, goog:chromeOptions: {debuggerAddress: localhost:53604}, networkConnectionEnabled: false, pageLoadStrategy: normal, platformName: WINDOWS, proxy: Proxy(), se:cdp: ws://localhost:53604/devtoo..., se:cdpVersion: 110.0.5481.104, setWindowRect: true, strictFileInteractability: false, timeouts: {implicit: 0, pageLoad: 300000, script: 30000}, unhandledPromptBehavior: dismiss and notify, webauthn:extension:credBlob: true, webauthn:extension:largeBlob: true, webauthn:virtualAuthenticators: true}
Session ID: e0e1cf8584f7fdfa49384adee5e8463b
	at java.base/jdk.internal.reflect.NativeConstructorAccessorImpl.newInstance0(Native Method)
	at java.base/jdk.internal.reflect.NativeConstructorAccessorImpl.newInstance(NativeConstructorAccessorImpl.java:62)
	at java.base/jdk.internal.reflect.DelegatingConstructorAccessorImpl.newInstance(DelegatingConstructorAccessorImpl.java:45)
	at java.base/java.lang.reflect.Constructor.newInstance(Constructor.java:490)
	at org.openqa.selenium.remote.codec.w3c.W3CHttpResponseCodec.createException(W3CHttpResponseCodec.java:200)
	at org.openqa.selenium.remote.codec.w3c.W3CHttpResponseCodec.decode(W3CHttpResponseCodec.java:133)
	at org.openqa.selenium.remote.codec.w3c.W3CHttpResponseCodec.decode(W3CHttpResponseCodec.java:53)
	at org.openqa.selenium.remote.HttpCommandExecutor.execute(HttpCommandExecutor.java:184)
	at org.openqa.selenium.remote.service.DriverCommandExecutor.invokeExecute(DriverCommandExecutor.java:167)
	at org.openqa.selenium.remote.service.DriverCommandExecutor.execute(DriverCommandExecutor.java:142)
	at org.openqa.selenium.remote.RemoteWebDriver.execute(RemoteWebDriver.java:535)
	at org.openqa.selenium.remote.RemoteWebDriver.execute(RemoteWebDriver.java:590)
	at org.openqa.selenium.remote.RemoteWebDriver.execute(RemoteWebDriver.java:594)
	at org.openqa.selenium.remote.RemoteWebDriver$RemoteWebDriverOptions$RemoteWindow.maximize(RemoteWebDriver.java:946)
	at techproed.utilities.Driver.getDriver(Driver.java:42)
	at techproed.tests.dataprovider.Day24_DataProviderTest1.googleAramasi(Day24_DataProviderTest1.java:62)
	at java.base/jdk.internal.reflect.NativeMethodAccessorImpl.invoke0(Native Method)
	at java.base/jdk.internal.reflect.NativeMethodAccessorImpl.invoke(NativeMethodAccessorImpl.java:62)
	at java.base/jdk.internal.reflect.DelegatingMethodAccessorImpl.invoke(DelegatingMethodAccessorImpl.java:43)
	at java.base/java.lang.reflect.Method.invoke(Method.java:566)
	at org.testng.internal.invokers.MethodInvocationHelper.invokeMethod(MethodInvocationHelper.java:139)
	at org.testng.internal.invokers.TestInvoker.invokeMethod(TestInvoker.java:677)
	at org.testng.internal.invokers.TestInvoker.invokeTestMethod(TestInvoker.java:221)
	at org.testng.internal.invokers.MethodRunner.runInSequence(MethodRunner.java:50)
	at org.testng.internal.invokers.TestInvoker$MethodInvocationAgent.invoke(TestInvoker.java:969)
	at org.testng.internal.invokers.TestInvoker.invokeTestMethods(TestInvoker.java:194)
	at org.testng.internal.invokers.TestMethodWorker.invokeTestMethods(TestMethodWorker.java:148)
	at org.testng.internal.invokers.TestMethodWorker.run(TestMethodWorker.java:128)
	at java.base/java.util.ArrayList.forEach(ArrayList.java:1541)
	at org.testng.TestRunner.privateRun(TestRunner.java:829)
	at org.testng.TestRunner.run(TestRunner.java:602)
	at org.testng.SuiteRunner.runTest(SuiteRunner.java:437)
	at org.testng.SuiteRunner.runSequentially(SuiteRunner.java:431)
	at org.testng.SuiteRunner.privateRun(SuiteRunner.java:391)
	at org.testng.SuiteRunner.run(SuiteRunner.java:330)
	at org.testng.SuiteRunnerWorker.runSuite(SuiteRunnerWorker.java:52)
	at org.testng.SuiteRunnerWorker.run(SuiteRunnerWorker.java:95)
	at org.testng.TestNG.runSuitesSequentially(TestNG.java:1256)
	at org.testng.TestNG.runSuitesLocally(TestNG.java:1176)
	at org.testng.TestNG.runSuites(TestNG.java:1099)
	at org.testng.TestNG.run(TestNG.java:1067)
	at com.intellij.rt.testng.IDEARemoteTestNG.run(IDEARemoteTestNG.java:66)
	at com.intellij.rt.testng.RemoteTestNGStarter.main(RemoteTestNGStarter.java:109)
</pre></div><a href='#' onClick='toggleBox("stack-trace155829656", this, "Click to show all stack frames", "Click to hide stack frames")'>Click to show all stack frames</a>
<div class='stack-trace' id='stack-trace155829656'><pre>org.openqa.selenium.WebDriverException: unknown error: failed to change window state to &apos;normal&apos;, current state is &apos;maximized&apos;
  (Session info: chrome=110.0.5481.104)
Build info: version: &apos;4.7.2&apos;, revision: &apos;4d4020c3b7&apos;
System info: os.name: &apos;Windows 10&apos;, os.arch: &apos;amd64&apos;, os.version: &apos;10.0&apos;, java.version: &apos;11.0.17&apos;
Driver info: org.openqa.selenium.chrome.ChromeDriver
Command: [e0e1cf8584f7fdfa49384adee5e8463b, maximizeCurrentWindow {}]
Capabilities {acceptInsecureCerts: false, browserName: chrome, browserVersion: 110.0.5481.104, chrome: {chromedriverVersion: 110.0.5481.77 (65ed616c6e8e..., userDataDir: C:\Users\asus\AppData\Local...}, goog:chromeOptions: {debuggerAddress: localhost:53604}, networkConnectionEnabled: false, pageLoadStrategy: normal, platformName: WINDOWS, proxy: Proxy(), se:cdp: ws://localhost:53604/devtoo..., se:cdpVersion: 110.0.5481.104, setWindowRect: true, strictFileInteractability: false, timeouts: {implicit: 0, pageLoad: 300000, script: 30000}, unhandledPromptBehavior: dismiss and notify, webauthn:extension:credBlob: true, webauthn:extension:largeBlob: true, webauthn:virtualAuthenticators: true}
Session ID: e0e1cf8584f7fdfa49384adee5e8463b
	at java.base/jdk.internal.reflect.NativeConstructorAccessorImpl.newInstance0(Native Method)
	at java.base/jdk.internal.reflect.NativeConstructorAccessorImpl.newInstance(NativeConstructorAccessorImpl.java:62)
	at java.base/jdk.internal.reflect.DelegatingConstructorAccessorImpl.newInstance(DelegatingConstructorAccessorImpl.java:45)
	at java.base/java.lang.reflect.Constructor.newInstance(Constructor.java:490)
	at org.openqa.selenium.remote.codec.w3c.W3CHttpResponseCodec.createException(W3CHttpResponseCodec.java:200)
	at org.openqa.selenium.remote.codec.w3c.W3CHttpResponseCodec.decode(W3CHttpResponseCodec.java:133)
	at org.openqa.selenium.remote.codec.w3c.W3CHttpResponseCodec.decode(W3CHttpResponseCodec.java:53)
	at org.openqa.selenium.remote.HttpCommandExecutor.execute(HttpCommandExecutor.java:184)
	at org.openqa.selenium.remote.service.DriverCommandExecutor.invokeExecute(DriverCommandExecutor.java:167)
	at org.openqa.selenium.remote.service.DriverCommandExecutor.execute(DriverCommandExecutor.java:142)
	at org.openqa.selenium.remote.RemoteWebDriver.execute(RemoteWebDriver.java:535)
	at org.openqa.selenium.remote.RemoteWebDriver.execute(RemoteWebDriver.java:590)
	at org.openqa.selenium.remote.RemoteWebDriver.execute(RemoteWebDriver.java:594)
	at org.openqa.selenium.remote.RemoteWebDriver$RemoteWebDriverOptions$RemoteWindow.maximize(RemoteWebDriver.java:946)
	at techproed.utilities.Driver.getDriver(Driver.java:42)
	at techproed.tests.dataprovider.Day24_DataProviderTest1.googleAramasi(Day24_DataProviderTest1.java:62)
	at java.base/jdk.internal.reflect.NativeMethodAccessorImpl.invoke0(Native Method)
	at java.base/jdk.internal.reflect.NativeMethodAccessorImpl.invoke(NativeMethodAccessorImpl.java:62)
	at java.base/jdk.internal.reflect.DelegatingMethodAccessorImpl.invoke(DelegatingMethodAccessorImpl.java:43)
	at java.base/java.lang.reflect.Method.invoke(Method.java:566)
	at org.testng.internal.invokers.MethodInvocationHelper.invokeMethod(MethodInvocationHelper.java:139)
	at org.testng.internal.invokers.TestInvoker.invokeMethod(TestInvoker.java:677)
	at org.testng.internal.invokers.TestInvoker.invokeTestMethod(TestInvoker.java:221)
	at org.testng.internal.invokers.MethodRunner.runInSequence(MethodRunner.java:50)
	at org.testng.internal.invokers.TestInvoker$MethodInvocationAgent.invoke(TestInvoker.java:969)
	at org.testng.internal.invokers.TestInvoker.invokeTestMethods(TestInvoker.java:194)
	at org.testng.internal.invokers.TestMethodWorker.invokeTestMethods(TestMethodWorker.java:148)
	at org.testng.internal.invokers.TestMethodWorker.run(TestMethodWorker.java:128)
	at java.base/java.util.ArrayList.forEach(ArrayList.java:1541)
	at org.testng.TestRunner.privateRun(TestRunner.java:829)
	at org.testng.TestRunner.run(TestRunner.java:602)
	at org.testng.SuiteRunner.runTest(SuiteRunner.java:437)
	at org.testng.SuiteRunner.runSequentially(SuiteRunner.java:431)
	at org.testng.SuiteRunner.privateRun(SuiteRunner.java:391)
	at org.testng.SuiteRunner.run(SuiteRunner.java:330)
	at org.testng.SuiteRunnerWorker.runSuite(SuiteRunnerWorker.java:52)
	at org.testng.SuiteRunnerWorker.run(SuiteRunnerWorker.java:95)
	at org.testng.TestNG.runSuitesSequentially(TestNG.java:1256)
	at org.testng.TestNG.runSuitesLocally(TestNG.java:1176)
	at org.testng.TestNG.runSuites(TestNG.java:1099)
	at org.testng.TestNG.run(TestNG.java:1067)
	at com.intellij.rt.testng.IDEARemoteTestNG.run(IDEARemoteTestNG.java:66)
	at com.intellij.rt.testng.RemoteTestNGStarter.main(RemoteTestNGStarter.java:109)
</pre></div></td>
<td>8</td>
<td>techproed.tests.dataprovider.Day24_DataProviderTest1@6b8ca3c8</td></tr>
<tr>
<td title='techproed.tests.dataprovider.Day24_DataProviderTest1.aramaTesti()'><b>aramaTesti</b><br>Test class: techproed.tests.dataprovider.Day24_DataProviderTest1</td>
<td><div><pre>org.testng.TestNGException: 
Method public void techproed.tests.dataprovider.Day24_DataProviderTest1.aramaTesti(java.lang.String) requires a @DataProvider named : urunler
	at org.testng.internal.Parameters.findDataProvider(Parameters.java:526)
	at org.testng.internal.Parameters.handleParameters(Parameters.java:763)
	at org.testng.internal.Parameters.handleParameters(Parameters.java:728)
	at org.testng.internal.invokers.ParameterHandler.handleParameters(ParameterHandler.java:72)
	at org.testng.internal.invokers.ParameterHandler.createParameters(ParameterHandler.java:51)
	at org.testng.internal.invokers.TestInvoker$MethodInvocationAgent.invoke(TestInvoker.java:924)
	at org.testng.internal.invokers.TestInvoker.invokeTestMethods(TestInvoker.java:194)
	at org.testng.internal.invokers.TestMethodWorker.invokeTestMethods(TestMethodWorker.java:148)
	at org.testng.internal.invokers.TestMethodWorker.run(TestMethodWorker.java:128)
	at java.base/java.util.ArrayList.forEach(ArrayList.java:1541)
	at org.testng.TestRunner.privateRun(TestRunner.java:829)
	at org.testng.TestRunner.run(TestRunner.java:602)
	at org.testng.SuiteRunner.runTest(SuiteRunner.java:437)
	at org.testng.SuiteRunner.runSequentially(SuiteRunner.java:431)
	at org.testng.SuiteRunner.privateRun(SuiteRunner.java:391)
	at org.testng.SuiteRunner.run(SuiteRunner.java:330)
	at org.testng.SuiteRunnerWorker.runSuite(SuiteRunnerWorker.java:52)
	at org.testng.SuiteRunnerWorker.run(SuiteRunnerWorker.java:95)
	at org.testng.TestNG.runSuitesSequentially(TestNG.java:1256)
	at org.testng.TestNG.runSuitesLocally(TestNG.java:1176)
	at org.testng.TestNG.runSuites(TestNG.java:1099)
	at org.testng.TestNG.run(TestNG.java:1067)
	at com.intellij.rt.testng.IDEARemoteTestNG.run(IDEARemoteTestNG.java:66)
	at com.intellij.rt.testng.RemoteTestNGStarter.main(RemoteTestNGStarter.java:109)
</pre></div><a href='#' onClick='toggleBox("stack-trace2067180044", this, "Click to show all stack frames", "Click to hide stack frames")'>Click to show all stack frames</a>
<div class='stack-trace' id='stack-trace2067180044'><pre>org.testng.TestNGException: 
Method public void techproed.tests.dataprovider.Day24_DataProviderTest1.aramaTesti(java.lang.String) requires a @DataProvider named : urunler
	at org.testng.internal.Parameters.findDataProvider(Parameters.java:526)
	at org.testng.internal.Parameters.handleParameters(Parameters.java:763)
	at org.testng.internal.Parameters.handleParameters(Parameters.java:728)
	at org.testng.internal.invokers.ParameterHandler.handleParameters(ParameterHandler.java:72)
	at org.testng.internal.invokers.ParameterHandler.createParameters(ParameterHandler.java:51)
	at org.testng.internal.invokers.TestInvoker$MethodInvocationAgent.invoke(TestInvoker.java:924)
	at org.testng.internal.invokers.TestInvoker.invokeTestMethods(TestInvoker.java:194)
	at org.testng.internal.invokers.TestMethodWorker.invokeTestMethods(TestMethodWorker.java:148)
	at org.testng.internal.invokers.TestMethodWorker.run(TestMethodWorker.java:128)
	at java.base/java.util.ArrayList.forEach(ArrayList.java:1541)
	at org.testng.TestRunner.privateRun(TestRunner.java:829)
	at org.testng.TestRunner.run(TestRunner.java:602)
	at org.testng.SuiteRunner.runTest(SuiteRunner.java:437)
	at org.testng.SuiteRunner.runSequentially(SuiteRunner.java:431)
	at org.testng.SuiteRunner.privateRun(SuiteRunner.java:391)
	at org.testng.SuiteRunner.run(SuiteRunner.java:330)
	at org.testng.SuiteRunnerWorker.runSuite(SuiteRunnerWorker.java:52)
	at org.testng.SuiteRunnerWorker.run(SuiteRunnerWorker.java:95)
	at org.testng.TestNG.runSuitesSequentially(TestNG.java:1256)
	at org.testng.TestNG.runSuitesLocally(TestNG.java:1176)
	at org.testng.TestNG.runSuites(TestNG.java:1099)
	at org.testng.TestNG.run(TestNG.java:1067)
	at com.intellij.rt.testng.IDEARemoteTestNG.run(IDEARemoteTestNG.java:66)
	at com.intellij.rt.testng.RemoteTestNGStarter.main(RemoteTestNGStarter.java:109)
</pre></div></td>
<td>0</td>
<td>techproed.tests.dataprovider.Day24_DataProviderTest1@6b8ca3c8</td></tr>
</table><p>
<table width='100%' border='1' class='invocation-passed'>
<tr><td colspan='4' align='center'><b>PASSED TESTS</b></td></tr>
<tr><td><b>Test method</b></td>
<td><b>Attribute(s)</b></td>
<td width="30%"><b>Exception</b></td>
<td width="10%"><b>Time (seconds)</b></td>
<td><b>Instance</b></td>
</tr>
<tr>
<td title='techproed.tests.dataprovider.Day25_DataProviderTest4.musteriVerileriTest()'><b>musteriVerileriTest</b><br>Test class: techproed.tests.dataprovider.Day25_DataProviderTest4<br>Parameters: menejer2, 98765, cebeci</td>
<td></td>
<td>0</td>
<td>techproed.tests.dataprovider.Day25_DataProviderTest4@72cde7cc</td></tr>
<tr>
<td title='techproed.tests.dataprovider.Day24_DataProviderTest2.dataProviderTest()'><b>dataProviderTest</b><br>Test class: techproed.tests.dataprovider.Day24_DataProviderTest2<br>Parameters: pam.raymond@bluerentalcars.com, Nga^g6!</td>
<td></td>
<td>0</td>
<td>techproed.tests.dataprovider.Day24_DataProviderTest2@1eb5174b</td></tr>
<tr>
<td title='techproed.tests.dataprovider.Day24_DataProviderTest2.dataProviderTest()'><b>dataProviderTest</b><br>Test class: techproed.tests.dataprovider.Day24_DataProviderTest2<br>Parameters: kate.brown@bluerentalcars.com, tad1$Fas</td>
<td></td>
<td>0</td>
<td>techproed.tests.dataprovider.Day24_DataProviderTest2@1eb5174b</td></tr>
<tr>
<td title='techproed.tests.dataprovider.Day24_DataProviderTest3.dataProviderLoginTest()'><b>dataProviderLoginTest</b><br>Test class: techproed.tests.dataprovider.Day24_DataProviderTest3<br>Parameters: pam.raymond@bluerentalcars.com, Nga^g6!</td>
<td></td>
<td>13</td>
<td>techproed.tests.dataprovider.Day24_DataProviderTest3@67080771</td></tr>
<tr>
<td title='techproed.tests.dataprovider.Day24_DataProviderTest2.dataProviderLoginTest()'><b>dataProviderLoginTest</b><br>Test class: techproed.tests.dataprovider.Day24_DataProviderTest2<br>Parameters: pam.raymond@bluerentalcars.com, Nga^g6!</td>
<td></td>
<td>12</td>
<td>techproed.tests.dataprovider.Day24_DataProviderTest2@1eb5174b</td></tr>
<tr>
<td title='techproed.tests.dataprovider.Day24_DataProviderTest2.dataProviderTest()'><b>dataProviderTest</b><br>Test class: techproed.tests.dataprovider.Day24_DataProviderTest2<br>Parameters: raj.khan@bluerentalcars.com, v7Hg_va^</td>
<td></td>
<td>0</td>
<td>techproed.tests.dataprovider.Day24_DataProviderTest2@1eb5174b</td></tr>
<tr>
<td title='techproed.tests.dataprovider.Day25_DataProviderTest4.musteriHizmetleriVerileriTest()'><b>musteriHizmetleriVerileriTest</b><br>Test class: techproed.tests.dataprovider.Day25_DataProviderTest4<br>Parameters: nancy3, 7890</td>
<td></td>
<td>0</td>
<td>techproed.tests.dataprovider.Day25_DataProviderTest4@72cde7cc</td></tr>
<tr>
<td title='techproed.tests.dataprovider.Day25_DataProviderTest4.personelVerileriTest()'><b>personelVerileriTest</b><br>Test class: techproed.tests.dataprovider.Day25_DataProviderTest4<br>Parameters: mehmet2, 123r</td>
<td></td>
<td>0</td>
<td>techproed.tests.dataprovider.Day25_DataProviderTest4@72cde7cc</td></tr>
<tr>
<td title='techproed.tests.dataprovider.Day24_DataProviderTest1.googleAramasi()'><b>googleAramasi</b><br>Test class: techproed.tests.dataprovider.Day24_DataProviderTest1<br>Parameters: toyota</td>
<td></td>
<td>6</td>
<td>techproed.tests.dataprovider.Day24_DataProviderTest1@6b8ca3c8</td></tr>
<tr>
<td title='techproed.tests.dataprovider.Day25_DataProviderTest4.personelVerileriTest()'><b>personelVerileriTest</b><br>Test class: techproed.tests.dataprovider.Day25_DataProviderTest4<br>Parameters: rukiye1, abc1</td>
<td></td>
<td>0</td>
<td>techproed.tests.dataprovider.Day25_DataProviderTest4@72cde7cc</td></tr>
<tr>
<td title='techproed.tests.dataprovider.Day24_DataProviderTest2.dataProviderLoginTest()'><b>dataProviderLoginTest</b><br>Test class: techproed.tests.dataprovider.Day24_DataProviderTest2<br>Parameters: kate.brown@bluerentalcars.com, tad1$Fas</td>
<td></td>
<td>12</td>
<td>techproed.tests.dataprovider.Day24_DataProviderTest2@1eb5174b</td></tr>
<tr>
<td title='techproed.tests.dataprovider.Day24_DataProviderTest1.googleAramasi()'><b>googleAramasi</b><br>Test class: techproed.tests.dataprovider.Day24_DataProviderTest1<br>Parameters: bmw</td>
<td></td>
<td>5</td>
<td>techproed.tests.dataprovider.Day24_DataProviderTest1@6b8ca3c8</td></tr>
<tr>
<td title='techproed.tests.smoketests.Day22_PositiveLoginTest.US100201_Admin_Login()'><b>US100201_Admin_Login</b><br>Test class: techproed.tests.smoketests.Day22_PositiveLoginTest<br/>
<a href="#Output-1843321088" onClick='toggleBox("Output-1843321088", this, "Show output", "Hide output");'>Show output</a>

<a href="#Output-1843321088" onClick="toggleAllBoxes();">Show all outputs</a>
<div class='log' id="Output-1843321088">
SAYFAYA GİT<br/>
LOGİN BUTONUNA TIKLA<br/>
GİRİŞ BİLGİLERİNİ GİR<br/>
GİRİŞ YAPILDIĞINI DOĞRULA<br/>
DRİVERİ KAPAT<br/>
</div>
</td>
<td></td>
<td>5</td>
<td>techproed.tests.smoketests.Day22_PositiveLoginTest@696da30b</td></tr>
<tr>
<td title='techproed.tests.dataprovider.Day24_DataProviderTest2.dataProviderLoginTest()'><b>dataProviderLoginTest</b><br>Test class: techproed.tests.dataprovider.Day24_DataProviderTest2<br>Parameters: raj.khan@bluerentalcars.com, v7Hg_va^</td>
<td></td>
<td>12</td>
<td>techproed.tests.dataprovider.Day24_DataProviderTest2@1eb5174b</td></tr>
<tr>
<td title='techproed.tests.dataprovider.Day24_DataProviderTest3.dataProviderLoginTest()'><b>dataProviderLoginTest</b><br>Test class: techproed.tests.dataprovider.Day24_DataProviderTest3<br>Parameters: kate.brown@bluerentalcars.com, tad1$Fas</td>
<td></td>
<td>13</td>
<td>techproed.tests.dataprovider.Day24_DataProviderTest3@67080771</td></tr>
<tr>
<td title='techproed.tests.dataprovider.Day24_DataProviderTest2.dataProviderTest()'><b>dataProviderTest</b><br>Test class: techproed.tests.dataprovider.Day24_DataProviderTest2<br>Parameters: sam.walker@bluerentalcars.com, c!fas_art</td>
<td></td>
<td>0</td>
<td>techproed.tests.dataprovider.Day24_DataProviderTest2@1eb5174b</td></tr>
<tr>
<td title='techproed.tests.dataprovider.Day25_DataProviderTest4.musteriVerileriTest()'><b>musteriVerileriTest</b><br>Test class: techproed.tests.dataprovider.Day25_DataProviderTest4<br>Parameters: menejer1, 12345, besiktas</td>
<td></td>
<td>0</td>
<td>techproed.tests.dataprovider.Day25_DataProviderTest4@72cde7cc</td></tr>
<tr>
<td title='techproed.tests.dataprovider.Day25_DataProviderTest4.customerDataTest()'><b>customerDataTest</b><br>Test class: techproed.tests.dataprovider.Day25_DataProviderTest4<br>Parameters: raj.khan@bluerentalcars.com, v7Hg_va^</td>
<td></td>
<td>0</td>
<td>techproed.tests.dataprovider.Day25_DataProviderTest4@72cde7cc</td></tr>
<tr>
<td title='techproed.tests.dataprovider.Day24_DataProviderTest1.googleAramasi()'><b>googleAramasi</b><br>Test class: techproed.tests.dataprovider.Day24_DataProviderTest1<br>Parameters: volvo</td>
<td></td>
<td>8</td>
<td>techproed.tests.dataprovider.Day24_DataProviderTest1@6b8ca3c8</td></tr>
<tr>
<td title='techproed.tests.dataprovider.Day25_DataProviderTest4.personelVerileriTest()'><b>personelVerileriTest</b><br>Test class: techproed.tests.dataprovider.Day25_DataProviderTest4<br>Parameters: okumus3, 6e45</td>
<td></td>
<td>0</td>
<td>techproed.tests.dataprovider.Day25_DataProviderTest4@72cde7cc</td></tr>
<tr>
<td title='techproed.tests.dataprovider.Day24_DataProviderTest1.googleAramasi()'><b>googleAramasi</b><br>Test class: techproed.tests.dataprovider.Day24_DataProviderTest1<br>Parameters: mercedes</td>
<td></td>
<td>7</td>
<td>techproed.tests.dataprovider.Day24_DataProviderTest1@6b8ca3c8</td></tr>
<tr>
<td title='techproed.tests.dataprovider.Day25_DataProviderTest4.customerDataTest()'><b>customerDataTest</b><br>Test class: techproed.tests.dataprovider.Day25_DataProviderTest4<br>Parameters: pam.raymond@bluerentalcars.com, Nga^g6!</td>
<td></td>
<td>0</td>
<td>techproed.tests.dataprovider.Day25_DataProviderTest4@72cde7cc</td></tr>
<tr>
<td title='techproed.tests.dataprovider.Day25_DataProviderTest4.musteriHizmetleriVerileriTest()'><b>musteriHizmetleriVerileriTest</b><br>Test class: techproed.tests.dataprovider.Day25_DataProviderTest4<br>Parameters: adam1, 3456</td>
<td></td>
<td>0</td>
<td>techproed.tests.dataprovider.Day25_DataProviderTest4@72cde7cc</td></tr>
<tr>
<td title='techproed.tests.smoketests.Day22_NegativeLoginTest.US100208_Negative_Login()'><b>US100208_Negative_Login</b><br>Test class: techproed.tests.smoketests.Day22_NegativeLoginTest</td>
<td></td>
<td>10</td>
<td>techproed.tests.smoketests.Day22_NegativeLoginTest@5fd4f8f5</td></tr>
<tr>
<td title='techproed.tests.dataprovider.Day24_DataProviderTest3.dataProviderLoginTest()'><b>dataProviderLoginTest</b><br>Test class: techproed.tests.dataprovider.Day24_DataProviderTest3<br>Parameters: raj.khan@bluerentalcars.com, v7Hg_va^</td>
<td></td>
<td>13</td>
<td>techproed.tests.dataprovider.Day24_DataProviderTest3@67080771</td></tr>
<tr>
<td title='techproed.tests.dataprovider.Day24_DataProviderTest1.googleAramasi()'><b>googleAramasi</b><br>Test class: techproed.tests.dataprovider.Day24_DataProviderTest1<br>Parameters: tesla</td>
<td></td>
<td>12</td>
<td>techproed.tests.dataprovider.Day24_DataProviderTest1@6b8ca3c8</td></tr>
<tr>
<td title='techproed.tests.dataprovider.Day25_DataProviderTest4.personelVerileriTest()'><b>personelVerileriTest</b><br>Test class: techproed.tests.dataprovider.Day25_DataProviderTest4<br>Parameters: baran3, 4asd</td>
<td></td>
<td>0</td>
<td>techproed.tests.dataprovider.Day25_DataProviderTest4@72cde7cc</td></tr>
<tr>
<td title='techproed.tests.dataprovider.Day24_DataProviderTest3.dataProviderLoginTest()'><b>dataProviderLoginTest</b><br>Test class: techproed.tests.dataprovider.Day24_DataProviderTest3<br>Parameters: sam.walker@bluerentalcars.com, c!fas_art</td>
<td></td>
<td>12</td>
<td>techproed.tests.dataprovider.Day24_DataProviderTest3@67080771</td></tr>
<tr>
<td title='techproed.tests.dataprovider.Day25_DataProviderTest4.musteriVerileriTest()'><b>musteriVerileriTest</b><br>Test class: techproed.tests.dataprovider.Day25_DataProviderTest4<br>Parameters: mejejer3, 5678, karsiyaka</td>
<td></td>
<td>0</td>
<td>techproed.tests.dataprovider.Day25_DataProviderTest4@72cde7cc</td></tr>
<tr>
<td title='techproed.tests.dataprovider.Day24_DataProviderTest2.dataProviderLoginTest()'><b>dataProviderLoginTest</b><br>Test class: techproed.tests.dataprovider.Day24_DataProviderTest2<br>Parameters: sam.walker@bluerentalcars.com, c!fas_art</td>
<td></td>
<td>13</td>
<td>techproed.tests.dataprovider.Day24_DataProviderTest2@1eb5174b</td></tr>
<tr>
<td title='techproed.tests.dataprovider.Day25_DataProviderTest4.musteriHizmetleriVerileriTest()'><b>musteriHizmetleriVerileriTest</b><br>Test class: techproed.tests.dataprovider.Day25_DataProviderTest4<br>Parameters: ali2, 1234</td>
<td></td>
<td>0</td>
<td>techproed.tests.dataprovider.Day25_DataProviderTest4@72cde7cc</td></tr>
<tr>
<td title='techproed.tests.dataprovider.Day25_DataProviderTest4.customerDataTest()'><b>customerDataTest</b><br>Test class: techproed.tests.dataprovider.Day25_DataProviderTest4<br>Parameters: kate.brown@bluerentalcars.com, tad1$Fas</td>
<td></td>
<td>0</td>
<td>techproed.tests.dataprovider.Day25_DataProviderTest4@72cde7cc</td></tr>
<tr>
<td title='techproed.tests.dataprovider.Day25_DataProviderTest4.customerDataTest()'><b>customerDataTest</b><br>Test class: techproed.tests.dataprovider.Day25_DataProviderTest4<br>Parameters: sam.walker@bluerentalcars.com, c!fas_art</td>
<td></td>
<td>0</td>
<td>techproed.tests.dataprovider.Day25_DataProviderTest4@72cde7cc</td></tr>
<tr>
<td title='techproed.tests.dataprovider.Day25_DataProviderTest4.personelVerileriTest()'><b>personelVerileriTest</b><br>Test class: techproed.tests.dataprovider.Day25_DataProviderTest4<br>Parameters: emin3, 3edc</td>
<td></td>
<td>0</td>
<td>techproed.tests.dataprovider.Day25_DataProviderTest4@72cde7cc</td></tr>
</table><p>
</body>
</html>